<?xml version="1.0" encoding="UTF-8"?>
<!-- Generated by org.testng.reporters.JUnitReportReporter -->
<testsuite hostname="REDDY" failures="0" tests="1" name="TestScripts.TC_Hrm" time="12.407" errors="0" timestamp="2023-09-08T10:31:25 IST" skipped="0">
  <testcase classname="TestScripts.TC_Hrm" name="tc001" time="12.407"/>
</testsuite> <!-- TestScripts.TC_Hrm -->
